  imgui.cpp
  imgui_demo.cpp
  imgui_draw.cpp
  imgui_impl_dx11.cpp
  imgui_impl_win32.cpp
  AModel.cpp
  BaseApplication.cpp
  BaseMesh.cpp
  BaseShader.cpp
  Camera.cpp
  CubeMesh.cpp
  D3D.cpp
  FPCamera.cpp
  Input.cpp
  Light.cpp
  Model.cpp
  OrthoMesh.cpp
  PlaneMesh.cpp
  PointMesh.cpp
  QuadMesh.cpp
  Compiling...
  RenderTexture.cpp
  ShadowMap.cpp
  SphereMesh.cpp
  System.cpp
  TessellationMesh.cpp
  TextureManager.cpp
  Timer.cpp
  TokenStream.cpp
  TriangleMesh.cpp
AModel.obj : warning LNK4006: "public: struct aiScene const * __cdecl Assimp::Importer::ReadFile(class std::basic_string<char,struct std::char_traits<char>,class std::allocator<char> > const &,unsigned int)" (?ReadFile@Importer@Assimp@@QEAAPEBUaiScene@@AEBV?$basic_string@DU?$char_traits@D@std@@V?$allocator@D@2@@std@@I@Z) already defined in assimp-vc141-mt.lib(assimp-vc141-mt.dll); second definition ignored
  DXFramework.vcxproj -> C:\Github\CMP305\week-5-l-systems-nefastes\lib\Release\DXFramework.lib
