d:\work\abertay\cmp305\05_growth\cmp305_base\cmp305_base\cmp305_base\x64\debug\vc142.pdb
d:\work\abertay\cmp305\05_growth\cmp305_base\cmp305_base\cmp305_base\x64\debug\vc142.idb
d:\work\abertay\cmp305\05_growth\cmp305_base\cmp305_base\cmp305_base\x64\debug\main.obj
d:\work\abertay\cmp305\05_growth\cmp305_base\cmp305_base\cmp305_base\x64\debug\lsystem.obj
d:\work\abertay\cmp305\05_growth\cmp305_base\cmp305_base\cmp305_base\x64\debug\linemesh.obj
d:\work\abertay\cmp305\05_growth\cmp305_base\cmp305_base\cmp305_base\x64\debug\lightshader.obj
d:\work\abertay\cmp305\05_growth\cmp305_base\cmp305_base\cmp305_base\x64\debug\app1.obj
d:\work\abertay\cmp305\05_growth\cmp305_base\cmp305_base\cmp305_base\light_ps.cso
d:\work\abertay\cmp305\05_growth\cmp305_base\cmp305_base\cmp305_base\light_vs.cso
d:\work\abertay\cmp305\05_growth\cmp305_base\cmp305_base\x64\debug\cmp305_lsystem.ilk
d:\work\abertay\cmp305\05_growth\cmp305_base\cmp305_base\x64\debug\cmp305_lsystem.exe
d:\work\abertay\cmp305\05_growth\cmp305_base\cmp305_base\x64\debug\cmp305_lsystem.pdb
d:\work\abertay\cmp305\05_growth\cmp305_base\cmp305_lsystem\cmp305_lsystem\x64\debug\app1.obj
d:\work\abertay\cmp305\05_growth\cmp305_base\cmp305_lsystem\cmp305_lsystem\x64\debug\lightshader.obj
d:\work\abertay\cmp305\05_growth\cmp305_base\cmp305_lsystem\cmp305_lsystem\x64\debug\linemesh.obj
d:\work\abertay\cmp305\05_growth\cmp305_base\cmp305_lsystem\cmp305_lsystem\x64\debug\lsystem.obj
d:\work\abertay\cmp305\05_growth\cmp305_base\cmp305_lsystem\cmp305_lsystem\x64\debug\main.obj
d:\work\abertay\cmp305\05_growth\cmp305_base\cmp305_lsystem\cmp305_lsystem\x64\debug\vc142.idb
d:\work\abertay\cmp305\05_growth\cmp305_base\cmp305_lsystem\cmp305_lsystem\x64\debug\vc142.pdb
d:\work\abertay\cmp305\05_growth\cmp305_base\cmp305_lsystem\x64\debug\cmp305_lsystem.pdb
d:\work\abertay\cmp305\05_growth\cmp305_base\cmp305_lsystem\x64\debug\cmp305_lsystem.exe
d:\work\abertay\cmp305\05_growth\cmp305_base\cmp305_lsystem\x64\debug\cmp305_lsystem.ilk
d:\work\abertay\cmp305\05_growth\cmp305_base\cmp305_lsystem\cmp305_lsystem\x64\debug\cmp305_lsystem.tlog\cl.command.1.tlog
d:\work\abertay\cmp305\05_growth\cmp305_base\cmp305_lsystem\cmp305_lsystem\x64\debug\cmp305_lsystem.tlog\cl.read.1.tlog
d:\work\abertay\cmp305\05_growth\cmp305_base\cmp305_lsystem\cmp305_lsystem\x64\debug\cmp305_lsystem.tlog\cl.write.1.tlog
d:\work\abertay\cmp305\05_growth\cmp305_base\cmp305_lsystem\cmp305_lsystem\x64\debug\cmp305_lsystem.tlog\fxc.command.1.tlog
d:\work\abertay\cmp305\05_growth\cmp305_base\cmp305_lsystem\cmp305_lsystem\x64\debug\cmp305_lsystem.tlog\fxc.read.1.tlog
d:\work\abertay\cmp305\05_growth\cmp305_base\cmp305_lsystem\cmp305_lsystem\x64\debug\cmp305_lsystem.tlog\fxc.write.1.tlog
d:\work\abertay\cmp305\05_growth\cmp305_base\cmp305_lsystem\cmp305_lsystem\x64\debug\cmp305_lsystem.tlog\link.command.1.tlog
d:\work\abertay\cmp305\05_growth\cmp305_base\cmp305_lsystem\cmp305_lsystem\x64\debug\cmp305_lsystem.tlog\link.read.1.tlog
d:\work\abertay\cmp305\05_growth\cmp305_base\cmp305_lsystem\cmp305_lsystem\x64\debug\cmp305_lsystem.tlog\link.write.1.tlog
